2018-12-09 02:57:55,266 - pystorm.component.process_bolt - INFO - 
 [INFO_BOLT_TWEET] : New Profile Pic Dallas Womens March Womens March Me Too Times Uppic 32.6279113,-96.4558196
2018-12-09 02:57:55,266 - pystorm.component.process_bolt - INFO - 
 [INFO_BOLT_TWEET] : twitter 32.6279113,-96.4558196
2018-12-09 02:57:55,266 - pystorm.component.process_bolt - INFO - 
 [INFO_BOLT_TWEET] : com/H3QVXgWZWt 32.6279113,-96.4558196
2018-12-09 02:57:58,512 - pystorm.component.process_bolt - INFO - 
 [INFO_BOLT_TWEET] : Metoo may be overdue, but its highly dangerous http://www 
2018-12-09 02:57:58,513 - pystorm.component.process_bolt - INFO - 
 [INFO_BOLT_TWEET] : dailytelegraph 
2018-12-09 02:57:58,513 - pystorm.component.process_bolt - INFO - 
 [INFO_BOLT_TWEET] : com 
2018-12-09 02:57:58,513 - pystorm.component.process_bolt - INFO - 
 [INFO_BOLT_TWEET] : au/rendezview/news-story/34fcb0849ab2c481646d8fd516c15809 
2018-12-09 02:58:00,356 - pystorm.component.process_bolt - INFO - 
 [INFO_BOLT_TWEET] : The symbolism was moving 39.7837304,-100.4458825
2018-12-09 02:58:00,356 - pystorm.component.process_bolt - INFO - 
 [INFO_BOLT_TWEET] : These two bald eagles showed up over the March For Life in DC 39.7837304,-100.4458825
2018-12-09 02:58:00,356 - pystorm.component.process_bolt - INFO - 
 [INFO_BOLT_TWEET] : They were dancing with the -shaped balloons that had been released 39.7837304,-100.4458825
2018-12-09 02:58:00,357 - pystorm.component.process_bolt - INFO - 
 [INFO_BOLT_TWEET] : The theme of the march, which had nearly 3/4 million attendees, was Love Saves Lives Why We March Me Too Why March Lifepic 39.7837304,-100.4458825
2018-12-09 02:58:00,357 - pystorm.component.process_bolt - INFO - 
 [INFO_BOLT_TWEET] : twitter 39.7837304,-100.4458825
2018-12-09 02:58:00,357 - pystorm.component.process_bolt - INFO - 
 [INFO_BOLT_TWEET] : com/SyLGCvg3Fb 39.7837304,-100.4458825
2018-12-09 02:58:01,822 - pystorm.component.process_bolt - INFO - 
 [INFO_BOLT_TWEET] : Lana Del Rey creates a record on the music chart 29.7589382,-95.3676974
2018-12-09 02:58:01,822 - pystorm.component.process_bolt - INFO - 
 [INFO_BOLT_TWEET] : Her album Born to Die spends 300 consecutive weeks on the chart 29.7589382,-95.3676974
2018-12-09 02:58:01,822 - pystorm.component.process_bolt - INFO - 
 [INFO_BOLT_TWEET] : Proof that you don't need the Oscars to show your talent 29.7589382,-95.3676974
2018-12-09 02:58:01,822 - pystorm.component.process_bolt - INFO - 
 [INFO_BOLT_TWEET] : Forget The Oscars Me Too 29.7589382,-95.3676974
2018-12-09 02:58:03,633 - pystorm.component.process_bolt - INFO - 
 [INFO_BOLT_TWEET] : Metoo 34.0536834,-118.2427669
2018-12-09 02:58:05,032 - pystorm.component.process_bolt - INFO - 
 [INFO_BOLT_TWEET] : Ruth Bader Ginsburg on Me Too 'It's about time' - The Hill (blog) http://dlvr 40.0796606,-89.4337288
2018-12-09 02:58:05,033 - pystorm.component.process_bolt - INFO - 
 [INFO_BOLT_TWEET] : it/QCB8Tkpic 40.0796606,-89.4337288
2018-12-09 02:58:05,033 - pystorm.component.process_bolt - INFO - 
 [INFO_BOLT_TWEET] : twitter 40.0796606,-89.4337288
2018-12-09 02:58:05,033 - pystorm.component.process_bolt - INFO - 
 [INFO_BOLT_TWEET] : com/G7ZueMElzW 40.0796606,-89.4337288
2018-12-09 02:58:06,613 - pystorm.component.process_bolt - INFO - 
 [INFO_BOLT_TWEET] : The Me Too movement makes males the guardians of female well-being in the name of feminist empowerment, writes @HMDatMI 40.7308619,-73.9871558
2018-12-09 02:58:06,613 - pystorm.component.process_bolt - INFO - 
 [INFO_BOLT_TWEET] : http://bit 40.7308619,-73.9871558
2018-12-09 02:58:06,614 - pystorm.component.process_bolt - INFO - 
 [INFO_BOLT_TWEET] : ly/2D6srVx 40.7308619,-73.9871558
2018-12-09 02:58:07,412 - pystorm.component.process_bolt - INFO - 
 [INFO_BOLT_TWEET] : The Tale review  stunning sexual abuse drama is the mother of all Me Too movies https://www 
2018-12-09 02:58:07,412 - pystorm.component.process_bolt - INFO - 
 [INFO_BOLT_TWEET] : theguardian 
2018-12-09 02:58:07,412 - pystorm.component.process_bolt - INFO - 
 [INFO_BOLT_TWEET] : com/film/2018/jan/21/the-tale-review-stunning-sexual-abuse-drama-laura-dern?CMP=share_btn_tw Worldcinema 
2018-12-09 02:58:09,330 - pystorm.component.process_bolt - INFO - 
 [INFO_BOLT_TWEET] : Watch the Metoo mob boycott poor @alisonbrie Alisonbrie for daring to defend her brother-in-law very diplomatically 39.7837304,-100.4458825
2018-12-09 02:58:09,331 - pystorm.component.process_bolt - INFO - 
 [INFO_BOLT_TWEET] : Oy Vey 39.7837304,-100.4458825
2018-12-09 02:58:09,331 - pystorm.component.process_bolt - INFO - 
 [INFO_BOLT_TWEET] : Poor girl 39.7837304,-100.4458825
2018-12-09 02:58:09,331 - pystorm.component.process_bolt - INFO - 
 [INFO_BOLT_TWEET] : You are about to get hit with it from the Witch Hunt brigade 39.7837304,-100.4458825
2018-12-09 02:58:09,331 - pystorm.component.process_bolt - INFO - 
 [INFO_BOLT_TWEET] : I called it first 39.7837304,-100.4458825
2018-12-09 02:58:09,331 - pystorm.component.process_bolt - INFO - 
 [INFO_BOLT_TWEET] : Awards 39.7837304,-100.4458825
2018-12-09 02:58:12,302 - pystorm.component.process_bolt - INFO - 
 [INFO_BOLT_TWEET] : JUST IN: @UVA responds to Me Too story shared by Board of Visitors member @FirstLadyNJ at Womens March about her sexual assault as a student in 1984 38.029306,-78.4766781
2018-12-09 02:58:12,302 - pystorm.component.process_bolt - INFO - 
 [INFO_BOLT_TWEET] : commends her bravery in sharing the harrowing details of her attack 38.029306,-78.4766781
2018-12-09 02:58:12,303 - pystorm.component.process_bolt - INFO - 
 [INFO_BOLT_TWEET] : pic 38.029306,-78.4766781
2018-12-09 02:58:12,303 - pystorm.component.process_bolt - INFO - 
 [INFO_BOLT_TWEET] : twitter 38.029306,-78.4766781
2018-12-09 02:58:12,303 - pystorm.component.process_bolt - INFO - 
 [INFO_BOLT_TWEET] : com/7pFspvWoB3 38.029306,-78.4766781
2018-12-09 02:58:13,769 - pystorm.component.process_bolt - INFO - 
 [INFO_BOLT_TWEET] : Then theres the colleague who groped me during a dance 64.5731537,11.5280364395
2018-12-09 02:58:13,769 - pystorm.component.process_bolt - INFO - 
 [INFO_BOLT_TWEET] : He pinched my right breast hard enough to hurt 64.5731537,11.5280364395
2018-12-09 02:58:13,769 - pystorm.component.process_bolt - INFO - 
 [INFO_BOLT_TWEET] : I told another male colleague about it 64.5731537,11.5280364395
2018-12-09 02:58:13,770 - pystorm.component.process_bolt - INFO - 
 [INFO_BOLT_TWEET] : He said I should let it go 64.5731537,11.5280364395
2018-12-09 02:58:13,770 - pystorm.component.process_bolt - INFO - 
 [INFO_BOLT_TWEET] : Said his hand had probably just slipped 64.5731537,11.5280364395
2018-12-09 02:58:13,770 - pystorm.component.process_bolt - INFO - 
 [INFO_BOLT_TWEET] : How does a hand slip upwards- twice? Metoo 64.5731537,11.5280364395
2018-12-09 02:58:15,332 - pystorm.component.process_bolt - INFO - 
 [INFO_BOLT_TWEET] : Mi vida es tan confusa con mujeres brillantes que he conocido que se apartan del feminismo y prefieren no reconocerse como tal, ahora eso que dices y luego lo de Me Too entr en una crisis existencial 6.2443382,-75.573553
2018-12-09 02:58:15,332 - pystorm.component.process_bolt - INFO - 
 [INFO_BOLT_TWEET] :  6.2443382,-75.573553
2018-12-09 02:58:17,126 - pystorm.component.process_bolt - INFO - 
 [INFO_BOLT_TWEET] : The Second Annual Womens March in Pictures http://flip 27.7567667,-81.4639835
2018-12-09 02:58:17,126 - pystorm.component.process_bolt - INFO - 
 [INFO_BOLT_TWEET] : it/DxdClL Womens March Me Too 27.7567667,-81.4639835
2018-12-09 02:58:19,113 - pystorm.component.process_bolt - INFO - 
 [INFO_BOLT_TWEET] : Wo Ye Shi is Chinas version of Me Too  WOW!!! China has come a long way for this to be happening!!!!!  https://www 39.7837304,-100.4458825
2018-12-09 02:58:19,114 - pystorm.component.process_bolt - INFO - 
 [INFO_BOLT_TWEET] : economist 39.7837304,-100.4458825
2018-12-09 02:58:19,115 - pystorm.component.process_bolt - INFO - 
 [INFO_BOLT_TWEET] : com/news/china/21735078-communist-party-nervous-metoo-movement-arrives-peoples-republic 39.7837304,-100.4458825
2018-12-09 02:58:22,377 - pystorm.component.process_bolt - INFO - 
 [INFO_BOLT_TWEET] : Estoy de acuerdo en que las mujeres exijamos derechos y pidamos igualdad pero que no se nos olvide que muchas veces son las mismas mujeres nuestras peores enemigas 25.7742658,-80.1936589
2018-12-09 02:58:22,378 - pystorm.component.process_bolt - INFO - 
 [INFO_BOLT_TWEET] : Amigas, dejemos la envidia, si no comenzamos por nosotras cmo podremos exigir algo de los dems? Metoo Times Up 25.7742658,-80.1936589
2018-12-09 02:58:24,642 - pystorm.component.process_bolt - INFO - 
 [INFO_BOLT_TWEET] : Tired of seeing the Patriots in the Super Bowl? Me Too 19.7289634,-155.9816091
2018-12-09 02:58:26,161 - pystorm.component.process_bolt - INFO - 
 [INFO_BOLT_TWEET] : Perfect example of Hollywood Hypocrisy Natalie Portman supported Roman Polanski before it wasn't cool anymore 
2018-12-09 02:58:26,163 - pystorm.component.process_bolt - INFO - 
 [INFO_BOLT_TWEET] : These Metoo actresses are pathetic 

https://www 
2018-12-09 02:58:26,164 - pystorm.component.process_bolt - INFO - 
 [INFO_BOLT_TWEET] : chicksonright 
2018-12-09 02:58:26,165 - pystorm.component.process_bolt - INFO - 
 [INFO_BOLT_TWEET] : com/2018/01/08/natalie-portman-shows-us-what-hollywood-hypocrisy-looks-like/ 
2018-12-09 02:58:28,309 - pystorm.component.process_bolt - INFO - 
 [INFO_BOLT_TWEET] : Metoo Where is muy check equality paycheck  Must be kids on the Black channels  https://www 34.2331373,-102.4107493
2018-12-09 02:58:28,309 - pystorm.component.process_bolt - INFO - 
 [INFO_BOLT_TWEET] : instagram 34.2331373,-102.4107493
2018-12-09 02:58:28,326 - pystorm.component.process_bolt - INFO - 
 [INFO_BOLT_TWEET] : com/p/BeOw1KSnpXl/ 34.2331373,-102.4107493
2018-12-09 02:58:30,995 - pystorm.component.process_bolt - INFO - 
 [INFO_BOLT_TWEET] : En ese caso Me Too 19.4326009,-99.1333416
2018-12-09 02:58:35,602 - pystorm.component.process_bolt - INFO - 
 [INFO_BOLT_TWEET] : Im so glad she addressed it cause I absolutely agree with her that no one should be quick to judge until you know all the factors of the subject 
2018-12-09 02:58:35,603 - pystorm.component.process_bolt - INFO - 
 [INFO_BOLT_TWEET] : I support the Me Too movement and James Franco , thanks to Allison! 
2018-12-09 02:58:38,264 - pystorm.component.process_bolt - INFO - 
 [INFO_BOLT_TWEET] : This is where Metoo should go 45.813177,15.977048
2018-12-09 02:58:38,265 - pystorm.component.process_bolt - INFO - 
 [INFO_BOLT_TWEET] : https://twitter 45.813177,15.977048
2018-12-09 02:58:38,266 - pystorm.component.process_bolt - INFO - 
 [INFO_BOLT_TWEET] : com/em_ily1122/status/955214364025344001 45.813177,15.977048
2018-12-09 02:58:40,551 - pystorm.component.process_bolt - INFO - 
 [INFO_BOLT_TWEET] : The latest e OluwKka Daily! https://paper 46.9599823,22.0541733
2018-12-09 02:58:40,552 - pystorm.component.process_bolt - INFO - 
 [INFO_BOLT_TWEET] : li/Psermuel/1374782089?edition_id=6a35b200-ff06-11e7-80a0-002590a5ba2d Metoo 46.9599823,22.0541733
2018-12-09 02:58:43,529 - pystorm.component.process_bolt - INFO - 
 [INFO_BOLT_TWEET] : Everyday i am harassed by old women Metoo 
2018-12-09 02:58:45,941 - pystorm.component.process_bolt - INFO - 
 [INFO_BOLT_TWEET] : The symbolism was moving 39.7837304,-100.4458825
2018-12-09 02:58:45,941 - pystorm.component.process_bolt - INFO - 
 [INFO_BOLT_TWEET] : These two bald eagles showed up over the March For Life in DC 39.7837304,-100.4458825
2018-12-09 02:58:45,942 - pystorm.component.process_bolt - INFO - 
 [INFO_BOLT_TWEET] : They were dancing with the -shaped balloons that had been released 39.7837304,-100.4458825
2018-12-09 02:58:45,943 - pystorm.component.process_bolt - INFO - 
 [INFO_BOLT_TWEET] : The theme of the march, which had nearly 3/4 million attendees, was Love Saves Lives Why We March Me Too Why March Lifepic 39.7837304,-100.4458825
2018-12-09 02:58:45,943 - pystorm.component.process_bolt - INFO - 
 [INFO_BOLT_TWEET] : twitter 39.7837304,-100.4458825
2018-12-09 02:58:45,944 - pystorm.component.process_bolt - INFO - 
 [INFO_BOLT_TWEET] : com/SyLGCvg3Fb 39.7837304,-100.4458825
2018-12-09 02:58:48,295 - pystorm.component.process_bolt - INFO - 
 [INFO_BOLT_TWEET] : Lana Del Rey creates a record on the music chart 29.7589382,-95.3676974
2018-12-09 02:58:48,296 - pystorm.component.process_bolt - INFO - 
 [INFO_BOLT_TWEET] : Her album Born to Die spends 300 consecutive weeks on the chart 29.7589382,-95.3676974
2018-12-09 02:58:48,297 - pystorm.component.process_bolt - INFO - 
 [INFO_BOLT_TWEET] : Proof that you don't need the Oscars to show your talent 29.7589382,-95.3676974
2018-12-09 02:58:48,298 - pystorm.component.process_bolt - INFO - 
 [INFO_BOLT_TWEET] : Forget The Oscars Me Too 29.7589382,-95.3676974
2018-12-09 02:58:50,084 - pystorm.component.process_bolt - INFO - 
 [INFO_BOLT_TWEET] : I want to deflect from rape and sexual assault scandal in Hollywood 
2018-12-09 02:58:50,085 - pystorm.component.process_bolt - INFO - 
 [INFO_BOLT_TWEET] : Hollywood Hypocrites Me Too Times Up Weinstein They All Knew Womens March Whyimarch 
2018-12-09 02:58:53,230 - pystorm.component.process_bolt - INFO - 
 [INFO_BOLT_TWEET] : @womensmarch @WomenatForbes @InPowerWomen @UN_Women @WomenOfInflnce @WomenintheWorld @womensfunding @womensmediacntr @SAGawards Me Too @kamarialeyla @SenKamalaHarris @SymoneDSanders @JoyAnnReid @AprilDRyan please share and stand with women Thank You all 40.576241,-124.263944
2018-12-09 02:58:55,362 - pystorm.component.process_bolt - INFO - 
 [INFO_BOLT_TWEET] : Ruth Bader Ginsburg on Me Too 'It's about time' - The Hill (blog) http://dlvr 40.0796606,-89.4337288
2018-12-09 02:58:55,364 - pystorm.component.process_bolt - INFO - 
 [INFO_BOLT_TWEET] : it/QCB8Tkpic 40.0796606,-89.4337288
2018-12-09 02:58:55,368 - pystorm.component.process_bolt - INFO - 
 [INFO_BOLT_TWEET] : twitter 40.0796606,-89.4337288
2018-12-09 02:58:55,369 - pystorm.component.process_bolt - INFO - 
 [INFO_BOLT_TWEET] : com/G7ZueMElzW 40.0796606,-89.4337288
2018-12-09 02:58:56,808 - pystorm.component.process_bolt - INFO - 
 [INFO_BOLT_TWEET] : Ruth Bader Ginsburg on Me Too 'It's about time' - The Hill (blog) http://dlvr 
2018-12-09 02:58:56,810 - pystorm.component.process_bolt - INFO - 
 [INFO_BOLT_TWEET] : it/QCB8NP 
2018-12-09 02:58:58,369 - pystorm.component.process_bolt - INFO - 
 [INFO_BOLT_TWEET] : The Tale review  stunning sexual abuse drama is the mother of all Me Too movies https://www 
2018-12-09 02:58:58,370 - pystorm.component.process_bolt - INFO - 
 [INFO_BOLT_TWEET] : theguardian 
2018-12-09 02:58:58,371 - pystorm.component.process_bolt - INFO - 
 [INFO_BOLT_TWEET] : com/film/2018/jan/21/the-tale-review-stunning-sexual-abuse-drama-laura-dern?CMP=share_btn_tw Worldcinema 
2018-12-09 02:59:01,402 - pystorm.component.process_bolt - INFO - 
 [INFO_BOLT_TWEET] : Mi vida es tan confusa con mujeres brillantes que he conocido que se apartan del feminismo y prefieren no reconocerse como tal, ahora eso que dices y luego lo de Me Too entr en una crisis existencial 6.2443382,-75.573553
2018-12-09 02:59:01,404 - pystorm.component.process_bolt - INFO - 
 [INFO_BOLT_TWEET] :  6.2443382,-75.573553
2018-12-09 02:59:04,097 - pystorm.component.process_bolt - INFO - 
 [INFO_BOLT_TWEET] : The Second Annual Womens March in Pictures http://flip 27.7567667,-81.4639835
2018-12-09 02:59:04,098 - pystorm.component.process_bolt - INFO - 
 [INFO_BOLT_TWEET] : it/DxdClL Womens March Me Too 27.7567667,-81.4639835
