2018-12-09 02:57:59,429 - pystorm.component.entity_bolt - INFO - 
 [INFO_ENTI_BOLT_TWEET] : The best signs from the Womens March in London  in pictures Metoo #TimesUphttps://www---
2018-12-09 02:58:04,739 - pystorm.component.entity_bolt - INFO - 
 [INFO_ENTI_BOLT_TWEET] : Metoo may be overdue, but its highly dangerous http://www---
2018-12-09 02:58:09,918 - pystorm.component.entity_bolt - INFO - 
 [INFO_ENTI_BOLT_TWEET] : Ruth Bader Ginsburg on Me Too 'It's about time' - The Hill (blog) http://dlvr---Ruth Bader Ginsburg,Ruth,Ginsburg,Bader
2018-12-09 02:58:15,354 - pystorm.component.entity_bolt - INFO - 
 [INFO_ENTI_BOLT_TWEET] : it/QCB8NP---
2018-12-09 02:58:26,471 - pystorm.component.entity_bolt - INFO - 
 [INFO_ENTI_BOLT_TWEET] : The symbolism was moving---
2018-12-09 02:58:47,435 - pystorm.component.entity_bolt - INFO - 
 [INFO_ENTI_BOLT_TWEET] : These two bald eagles showed up over the March For Life in DC---
2018-12-09 02:59:07,519 - pystorm.component.entity_bolt - INFO - 
 [INFO_ENTI_BOLT_TWEET] : They were dancing with the -shaped balloons that had been released---
2018-12-09 02:59:19,133 - pystorm.component.entity_bolt - INFO - 
 [INFO_ENTI_BOLT_TWEET] : The theme of the march, which had nearly 3/4 million attendees, was Love Saves Lives Why We March Me Too Why March Lifepic---Lifepic
2018-12-09 02:59:26,201 - pystorm.component.entity_bolt - INFO - 
 [INFO_ENTI_BOLT_TWEET] : twitter---
2018-12-09 02:59:32,641 - pystorm.component.entity_bolt - INFO - 
 [INFO_ENTI_BOLT_TWEET] : Germaine Greer's comments about Weinstein's victims? Rubbish---Greer,Germaine,Weinstein
2018-12-09 02:59:37,732 - pystorm.component.entity_bolt - INFO - 
 [INFO_ENTI_BOLT_TWEET] : com---
2018-12-09 02:59:43,601 - pystorm.component.entity_bolt - INFO - 
 [INFO_ENTI_BOLT_TWEET] : au/latest/eds-blog/late-stop-whingeing-no-thanks-germaine/ Me Too---
2018-12-09 02:59:49,291 - pystorm.component.entity_bolt - INFO - 
 [INFO_ENTI_BOLT_TWEET] : Lana Del Rey creates a record on the music chart---Lana Del Rey,Rey,Del,Lana
2018-12-09 02:59:54,658 - pystorm.component.entity_bolt - INFO - 
 [INFO_ENTI_BOLT_TWEET] : Her album Born to Die spends 300 consecutive weeks on the chart---
