2018-12-09 02:57:59,368 - pystorm.component.entity_bolt - INFO - 
 [INFO_ENTI_BOLT_TWEET] : theguardian---
2018-12-09 02:58:04,659 - pystorm.component.entity_bolt - INFO - 
 [INFO_ENTI_BOLT_TWEET] : com/uk-news/gallery/2018/jan/21/best-signs-from-womens-march-london-pictures-donald-trump?CMP=Share_iOSApp_Other---
2018-12-09 02:58:10,004 - pystorm.component.entity_bolt - INFO - 
 [INFO_ENTI_BOLT_TWEET] : New Profile Pic Dallas Womens March Womens March Me Too Times Uppic---
2018-12-09 02:58:15,303 - pystorm.component.entity_bolt - INFO - 
 [INFO_ENTI_BOLT_TWEET] : twitter---
2018-12-09 02:58:26,087 - pystorm.component.entity_bolt - INFO - 
 [INFO_ENTI_BOLT_TWEET] : com/H3QVXgWZWt---
2018-12-09 02:58:46,756 - pystorm.component.entity_bolt - INFO - 
 [INFO_ENTI_BOLT_TWEET] : Everyday i am harassed by old women Metoo---Metoo
2018-12-09 02:59:07,018 - pystorm.component.entity_bolt - INFO - 
 [INFO_ENTI_BOLT_TWEET] : Hollywood Hypocrites Me Too Times Up Weinstein They All Knew Womens March Whyimarch---
2018-12-09 02:59:19,016 - pystorm.component.entity_bolt - INFO - 
 [INFO_ENTI_BOLT_TWEET] : I want to deflect from rape and sexual assault scandal in Hollywood---
2018-12-09 02:59:26,238 - pystorm.component.entity_bolt - INFO - 
 [INFO_ENTI_BOLT_TWEET] : dailytelegraph---
2018-12-09 02:59:32,609 - pystorm.component.entity_bolt - INFO - 
 [INFO_ENTI_BOLT_TWEET] : com---
2018-12-09 02:59:37,859 - pystorm.component.entity_bolt - INFO - 
 [INFO_ENTI_BOLT_TWEET] : au/rendezview/news-story/34fcb0849ab2c481646d8fd516c15809---
2018-12-09 02:59:43,760 - pystorm.component.entity_bolt - INFO - 
 [INFO_ENTI_BOLT_TWEET] : @womensmarch @WomenatForbes @InPowerWomen @UN_Women @WomenOfInflnce @WomenintheWorld @womensfunding @womensmediacntr @SAGawards Me Too @kamarialeyla @SenKamalaHarris @SymoneDSanders @JoyAnnReid @AprilDRyan please share and stand with women Thank You all---womensmediacntr,WomenOfInflnce,WomenintheWorld,SAGawards,womensfunding,InPowerWomen,AprilDRyan,WomenatForbes,SenKamalaHarris,JoyAnnReid,kamarialeyla,womensmarch,UN_Women,SymoneDSanders
2018-12-09 02:59:49,319 - pystorm.component.entity_bolt - INFO - 
 [INFO_ENTI_BOLT_TWEET] : com/SyLGCvg3Fb---
2018-12-09 02:59:54,647 - pystorm.component.entity_bolt - INFO - 
 [INFO_ENTI_BOLT_TWEET] : https://womensagenda---
