2018-12-09 02:57:54,227 - pystorm.component.process_bolt - INFO - 
 [INFO_BOLT_TWEET] : The best signs from the Womens March in London  in pictures Metoo #TimesUphttps://www 54.7023545,-3.2765753
2018-12-09 02:57:54,227 - pystorm.component.process_bolt - INFO - 
 [INFO_BOLT_TWEET] : theguardian 54.7023545,-3.2765753
2018-12-09 02:57:54,228 - pystorm.component.process_bolt - INFO - 
 [INFO_BOLT_TWEET] : com/uk-news/gallery/2018/jan/21/best-signs-from-womens-march-london-pictures-donald-trump?CMP=Share_iOSApp_Other 54.7023545,-3.2765753
2018-12-09 02:57:56,012 - pystorm.component.process_bolt - INFO - 
 [INFO_BOLT_TWEET] : Everyday i am harassed by old women Metoo 
2018-12-09 02:57:56,912 - pystorm.component.process_bolt - INFO - 
 [INFO_BOLT_TWEET] : I want to deflect from rape and sexual assault scandal in Hollywood 
2018-12-09 02:57:56,912 - pystorm.component.process_bolt - INFO - 
 [INFO_BOLT_TWEET] : Hollywood Hypocrites Me Too Times Up Weinstein They All Knew Womens March Whyimarch 
2018-12-09 02:57:58,754 - pystorm.component.process_bolt - INFO - 
 [INFO_BOLT_TWEET] : @womensmarch @WomenatForbes @InPowerWomen @UN_Women @WomenOfInflnce @WomenintheWorld @womensfunding @womensmediacntr @SAGawards Me Too @kamarialeyla @SenKamalaHarris @SymoneDSanders @JoyAnnReid @AprilDRyan please share and stand with women Thank You all 40.576241,-124.263944
2018-12-09 02:57:59,591 - pystorm.component.process_bolt - INFO - 
 [INFO_BOLT_TWEET] : Ruth Bader Ginsburg on Me Too 'It's about time' - The Hill (blog) http://dlvr 
2018-12-09 02:57:59,592 - pystorm.component.process_bolt - INFO - 
 [INFO_BOLT_TWEET] : it/QCB8NP 
2018-12-09 02:58:01,369 - pystorm.component.process_bolt - INFO - 
 [INFO_BOLT_TWEET] : Germaine Greer's comments about Weinstein's victims? Rubbish -33.8548157,151.2164539
2018-12-09 02:58:01,370 - pystorm.component.process_bolt - INFO - 
 [INFO_BOLT_TWEET] : https://womensagenda -33.8548157,151.2164539
2018-12-09 02:58:01,370 - pystorm.component.process_bolt - INFO - 
 [INFO_BOLT_TWEET] : com -33.8548157,151.2164539
2018-12-09 02:58:01,370 - pystorm.component.process_bolt - INFO - 
 [INFO_BOLT_TWEET] : au/latest/eds-blog/late-stop-whingeing-no-thanks-germaine/ Me Too -33.8548157,151.2164539
2018-12-09 02:58:02,941 - pystorm.component.process_bolt - INFO - 
 [INFO_BOLT_TWEET] : Metoo 33.7490987,-84.3901849
2018-12-09 02:58:04,529 - pystorm.component.process_bolt - INFO - 
 [INFO_BOLT_TWEET] : Metoo https://twitter 48.9467562,11.4038717
2018-12-09 02:58:04,529 - pystorm.component.process_bolt - INFO - 
 [INFO_BOLT_TWEET] : com/kielersprotte92/status/955222665589125121 48.9467562,11.4038717
2018-12-09 02:58:06,056 - pystorm.component.process_bolt - INFO - 
 [INFO_BOLT_TWEET] : Shall I break my silence? I was 19 and working in a thrift shop in Sac 64.5731537,11.5280364395
2018-12-09 02:58:06,056 - pystorm.component.process_bolt - INFO - 
 [INFO_BOLT_TWEET] : My boss was a real creep 64.5731537,11.5280364395
2018-12-09 02:58:06,057 - pystorm.component.process_bolt - INFO - 
 [INFO_BOLT_TWEET] : Would stop by my register to talk about private things 64.5731537,11.5280364395
2018-12-09 02:58:06,057 - pystorm.component.process_bolt - INFO - 
 [INFO_BOLT_TWEET] : One day he shows up with an erection 64.5731537,11.5280364395
2018-12-09 02:58:06,057 - pystorm.component.process_bolt - INFO - 
 [INFO_BOLT_TWEET] : Stands there talking as if nothing is unusual 64.5731537,11.5280364395
2018-12-09 02:58:06,057 - pystorm.component.process_bolt - INFO - 
 [INFO_BOLT_TWEET] : Blames me for staring 64.5731537,11.5280364395
2018-12-09 02:58:06,057 - pystorm.component.process_bolt - INFO - 
 [INFO_BOLT_TWEET] : Me Too 64.5731537,11.5280364395
2018-12-09 02:58:07,459 - pystorm.component.process_bolt - INFO - 
 [INFO_BOLT_TWEET] : Los Angeles Women's March Gathers Music and Film Stars for Me Too and Times Up Solidarity, Bid to Mobilize Votes for Change http://dlvr -6.1753942,106.827183
2018-12-09 02:58:07,459 - pystorm.component.process_bolt - INFO - 
 [INFO_BOLT_TWEET] : it/QCB8BLpic -6.1753942,106.827183
2018-12-09 02:58:07,459 - pystorm.component.process_bolt - INFO - 
 [INFO_BOLT_TWEET] : twitter -6.1753942,106.827183
2018-12-09 02:58:07,460 - pystorm.component.process_bolt - INFO - 
 [INFO_BOLT_TWEET] : com/w7pDtEVn3Z -6.1753942,106.827183
2018-12-09 02:58:08,577 - pystorm.component.process_bolt - INFO - 
 [INFO_BOLT_TWEET] : Womensmarch Tennessee Timesup Metoo Resist https://www 
2018-12-09 02:58:08,577 - pystorm.component.process_bolt - INFO - 
 [INFO_BOLT_TWEET] : instagram 
2018-12-09 02:58:08,577 - pystorm.component.process_bolt - INFO - 
 [INFO_BOLT_TWEET] : com/p/BeOxCNoFWar/ 
2018-12-09 02:58:10,111 - pystorm.component.process_bolt - INFO - 
 [INFO_BOLT_TWEET] : CNN 3:53pm SCREEN ACTORS GUILD SHOW GETS READY FOR CLOSE-UP 37.7647993,-122.4629897
2018-12-09 02:58:10,112 - pystorm.component.process_bolt - INFO - 
 [INFO_BOLT_TWEET] :  37.7647993,-122.4629897
2018-12-09 02:58:10,112 - pystorm.component.process_bolt - INFO - 
 [INFO_BOLT_TWEET] : Stephanie Elam OW Correspondent
SCREEN ACTORS GUILD SHOW GETS 37.7647993,-122.4629897
2018-12-09 02:58:10,112 - pystorm.component.process_bolt - INFO - 
 [INFO_BOLT_TWEET] :  37.7647993,-122.4629897
2018-12-09 02:58:10,112 - pystorm.component.process_bolt - INFO - 
 [INFO_BOLT_TWEET] :  37.7647993,-122.4629897
2018-12-09 02:58:10,112 - pystorm.component.process_bolt - INFO - 
 [INFO_BOLT_TWEET] :  37.7647993,-122.4629897
2018-12-09 02:58:11,007 - pystorm.component.process_bolt - INFO - 
 [INFO_BOLT_TWEET] : Even as the Me Too movement shines a light on sexual abuse by public figures, state-sanctioned abuse is happening in broad daylight at US immigrant detention centers http://rewire 
2018-12-09 02:58:11,008 - pystorm.component.process_bolt - INFO - 
 [INFO_BOLT_TWEET] : link/2BdmuW5 by @TheTinaVasquez 
2018-12-09 02:58:12,503 - pystorm.component.process_bolt - INFO - 
 [INFO_BOLT_TWEET] : It was too cold to live tweet but I did manage some pictures of people & signs 64.5731537,11.5280364395
2018-12-09 02:58:12,503 - pystorm.component.process_bolt - INFO - 
 [INFO_BOLT_TWEET] : It started with a song after an intro 64.5731537,11.5280364395
2018-12-09 02:58:12,503 - pystorm.component.process_bolt - INFO - 
 [INFO_BOLT_TWEET] : They're singing about being silent too long 64.5731537,11.5280364395
2018-12-09 02:58:12,504 - pystorm.component.process_bolt - INFO - 
 [INFO_BOLT_TWEET] : We have 64.5731537,11.5280364395
2018-12-09 02:58:12,504 - pystorm.component.process_bolt - INFO - 
 [INFO_BOLT_TWEET] : We are TOLD to not to CREATE a  problem 64.5731537,11.5280364395
2018-12-09 02:58:12,504 - pystorm.component.process_bolt - INFO - 
 [INFO_BOLT_TWEET] : Nice girls dont cause trouble 64.5731537,11.5280364395
2018-12-09 02:58:12,504 - pystorm.component.process_bolt - INFO - 
 [INFO_BOLT_TWEET] : Such BS 64.5731537,11.5280364395
2018-12-09 02:58:12,505 - pystorm.component.process_bolt - INFO - 
 [INFO_BOLT_TWEET] : Me Too Womens March Norwaypic 64.5731537,11.5280364395
2018-12-09 02:58:12,505 - pystorm.component.process_bolt - INFO - 
 [INFO_BOLT_TWEET] : twitter 64.5731537,11.5280364395
2018-12-09 02:58:12,505 - pystorm.component.process_bolt - INFO - 
 [INFO_BOLT_TWEET] : com/1FKf8bOIDm 64.5731537,11.5280364395
2018-12-09 02:58:13,421 - pystorm.component.process_bolt - INFO - 
 [INFO_BOLT_TWEET] : That was my feeling about yesterdays March 
2018-12-09 02:58:13,421 - pystorm.component.process_bolt - INFO - 
 [INFO_BOLT_TWEET] : All for it, GO fellow women (and I went to last years in D 
2018-12-09 02:58:13,422 - pystorm.component.process_bolt - INFO - 
 [INFO_BOLT_TWEET] : C 
2018-12-09 02:58:13,422 - pystorm.component.process_bolt - INFO - 
 [INFO_BOLT_TWEET] : ) 
2018-12-09 02:58:13,422 - pystorm.component.process_bolt - INFO - 
 [INFO_BOLT_TWEET] : But in light of Me Too Ive been thinking: this March shoulda been a million men 
2018-12-09 02:58:13,422 - pystorm.component.process_bolt - INFO - 
 [INFO_BOLT_TWEET] :  
2018-12-09 02:58:14,551 - pystorm.component.process_bolt - INFO - 
 [INFO_BOLT_TWEET] : Da Fredrik Eide Nilsen @fenilsen sendte bilde av sin penis til en 16 r gammel jente, som ikke nsket eller ba om det  er det seksuell trakassering 
2018-12-09 02:58:14,551 - pystorm.component.process_bolt - INFO - 
 [INFO_BOLT_TWEET] : Regner med Fredrik E Nilsen fr tlf fra

@martineaurdal @hegeulstein @VGanders 

Billedbevis finnes, kilden publisert sak 
2018-12-09 02:58:14,551 - pystorm.component.process_bolt - INFO - 
 [INFO_BOLT_TWEET] : Metoo 
2018-12-09 02:58:16,143 - pystorm.component.process_bolt - INFO - 
 [INFO_BOLT_TWEET] : All the allegations the actresses speak about happened way before the GOP took office in 2017 yet refer to it, how does that work?  Abuse is as old as time Metoo Power To The Polls Keepupwiththeclass Exonomicsdegree Sociologydegree Physicsdegeee 34.2331373,-102.4107493
2018-12-09 02:58:17,653 - pystorm.component.process_bolt - INFO - 
 [INFO_BOLT_TWEET] : If I fight and support other women Im a lost cause? Women marched in Canada also 50.000678,-86.000977
2018-12-09 02:58:17,653 - pystorm.component.process_bolt - INFO - 
 [INFO_BOLT_TWEET] : I support it 100%,Im a Me Too 50.000678,-86.000977
2018-12-09 02:58:17,653 - pystorm.component.process_bolt - INFO - 
 [INFO_BOLT_TWEET] : So its a personal fight 50.000678,-86.000977
2018-12-09 02:58:17,653 - pystorm.component.process_bolt - INFO - 
 [INFO_BOLT_TWEET] : Nothing to do with party 50.000678,-86.000977
2018-12-09 02:58:19,989 - pystorm.component.process_bolt - INFO - 
 [INFO_BOLT_TWEET] : The best signs from the Womens March in London  in pictures Metoo #TimesUphttps://www 54.7023545,-3.2765753
2018-12-09 02:58:19,990 - pystorm.component.process_bolt - INFO - 
 [INFO_BOLT_TWEET] : theguardian 54.7023545,-3.2765753
2018-12-09 02:58:19,991 - pystorm.component.process_bolt - INFO - 
 [INFO_BOLT_TWEET] : com/uk-news/gallery/2018/jan/21/best-signs-from-womens-march-london-pictures-donald-trump?CMP=Share_iOSApp_Other 54.7023545,-3.2765753
2018-12-09 02:58:22,774 - pystorm.component.process_bolt - INFO - 
 [INFO_BOLT_TWEET] : New Profile Pic Dallas Womens March Womens March Me Too Times Uppic 32.6279113,-96.4558196
2018-12-09 02:58:22,775 - pystorm.component.process_bolt - INFO - 
 [INFO_BOLT_TWEET] : twitter 32.6279113,-96.4558196
2018-12-09 02:58:22,776 - pystorm.component.process_bolt - INFO - 
 [INFO_BOLT_TWEET] : com/H3QVXgWZWt 32.6279113,-96.4558196
2018-12-09 02:58:26,211 - pystorm.component.process_bolt - INFO - 
 [INFO_BOLT_TWEET] : Metoo may be overdue, but its highly dangerous http://www 
2018-12-09 02:58:26,214 - pystorm.component.process_bolt - INFO - 
 [INFO_BOLT_TWEET] : dailytelegraph 
2018-12-09 02:58:26,218 - pystorm.component.process_bolt - INFO - 
 [INFO_BOLT_TWEET] : com 
2018-12-09 02:58:26,220 - pystorm.component.process_bolt - INFO - 
 [INFO_BOLT_TWEET] : au/rendezview/news-story/34fcb0849ab2c481646d8fd516c15809 
2018-12-09 02:58:28,587 - pystorm.component.process_bolt - INFO - 
 [INFO_BOLT_TWEET] : Metoo 34.0536834,-118.2427669
2018-12-09 02:58:31,170 - pystorm.component.process_bolt - INFO - 
 [INFO_BOLT_TWEET] : The Me Too movement makes males the guardians of female well-being in the name of feminist empowerment, writes @HMDatMI 40.7308619,-73.9871558
2018-12-09 02:58:31,171 - pystorm.component.process_bolt - INFO - 
 [INFO_BOLT_TWEET] : http://bit 40.7308619,-73.9871558
2018-12-09 02:58:31,172 - pystorm.component.process_bolt - INFO - 
 [INFO_BOLT_TWEET] : ly/2D6srVx 40.7308619,-73.9871558
2018-12-09 02:58:34,061 - pystorm.component.process_bolt - INFO - 
 [INFO_BOLT_TWEET] : Germaine Greer's comments about Weinstein's victims? Rubbish -33.8548157,151.2164539
2018-12-09 02:58:34,062 - pystorm.component.process_bolt - INFO - 
 [INFO_BOLT_TWEET] : https://womensagenda -33.8548157,151.2164539
2018-12-09 02:58:34,062 - pystorm.component.process_bolt - INFO - 
 [INFO_BOLT_TWEET] : com -33.8548157,151.2164539
2018-12-09 02:58:34,064 - pystorm.component.process_bolt - INFO - 
 [INFO_BOLT_TWEET] : au/latest/eds-blog/late-stop-whingeing-no-thanks-germaine/ Me Too -33.8548157,151.2164539
2018-12-09 02:58:36,130 - pystorm.component.process_bolt - INFO - 
 [INFO_BOLT_TWEET] : Metoo 33.7490987,-84.3901849
2018-12-09 02:58:38,627 - pystorm.component.process_bolt - INFO - 
 [INFO_BOLT_TWEET] : Watch the Metoo mob boycott poor @alisonbrie Alisonbrie for daring to defend her brother-in-law very diplomatically 39.7837304,-100.4458825
2018-12-09 02:58:38,629 - pystorm.component.process_bolt - INFO - 
 [INFO_BOLT_TWEET] : Oy Vey 39.7837304,-100.4458825
2018-12-09 02:58:38,631 - pystorm.component.process_bolt - INFO - 
 [INFO_BOLT_TWEET] : Poor girl 39.7837304,-100.4458825
2018-12-09 02:58:38,633 - pystorm.component.process_bolt - INFO - 
 [INFO_BOLT_TWEET] : You are about to get hit with it from the Witch Hunt brigade 39.7837304,-100.4458825
2018-12-09 02:58:38,639 - pystorm.component.process_bolt - INFO - 
 [INFO_BOLT_TWEET] : I called it first 39.7837304,-100.4458825
2018-12-09 02:58:38,641 - pystorm.component.process_bolt - INFO - 
 [INFO_BOLT_TWEET] : Awards 39.7837304,-100.4458825
2018-12-09 02:58:40,822 - pystorm.component.process_bolt - INFO - 
 [INFO_BOLT_TWEET] : JUST IN: @UVA responds to Me Too story shared by Board of Visitors member @FirstLadyNJ at Womens March about her sexual assault as a student in 1984 38.029306,-78.4766781
2018-12-09 02:58:40,823 - pystorm.component.process_bolt - INFO - 
 [INFO_BOLT_TWEET] : commends her bravery in sharing the harrowing details of her attack 38.029306,-78.4766781
2018-12-09 02:58:40,824 - pystorm.component.process_bolt - INFO - 
 [INFO_BOLT_TWEET] : pic 38.029306,-78.4766781
2018-12-09 02:58:40,825 - pystorm.component.process_bolt - INFO - 
 [INFO_BOLT_TWEET] : twitter 38.029306,-78.4766781
2018-12-09 02:58:40,825 - pystorm.component.process_bolt - INFO - 
 [INFO_BOLT_TWEET] : com/7pFspvWoB3 38.029306,-78.4766781
2018-12-09 02:58:43,264 - pystorm.component.process_bolt - INFO - 
 [INFO_BOLT_TWEET] : Then theres the colleague who groped me during a dance 64.5731537,11.5280364395
2018-12-09 02:58:43,265 - pystorm.component.process_bolt - INFO - 
 [INFO_BOLT_TWEET] : He pinched my right breast hard enough to hurt 64.5731537,11.5280364395
2018-12-09 02:58:43,266 - pystorm.component.process_bolt - INFO - 
 [INFO_BOLT_TWEET] : I told another male colleague about it 64.5731537,11.5280364395
2018-12-09 02:58:43,268 - pystorm.component.process_bolt - INFO - 
 [INFO_BOLT_TWEET] : He said I should let it go 64.5731537,11.5280364395
2018-12-09 02:58:43,269 - pystorm.component.process_bolt - INFO - 
 [INFO_BOLT_TWEET] : Said his hand had probably just slipped 64.5731537,11.5280364395
2018-12-09 02:58:43,271 - pystorm.component.process_bolt - INFO - 
 [INFO_BOLT_TWEET] : How does a hand slip upwards- twice? Metoo 64.5731537,11.5280364395
