2018-12-09 02:57:54,259 - pystorm.component.senti_bolt - INFO - 
 [INFO_SENTI_BOLT_TWEET] : theguardian 0.0
2018-12-09 02:57:54,273 - pystorm.component.senti_bolt - INFO - 
 [INFO_SENTI_BOLT_TWEET] : com/uk-news/gallery/2018/jan/21/best-signs-from-womens-march-london-pictures-donald-trump?CMP=Share_iOSApp_Other 0.0
2018-12-09 02:57:55,282 - pystorm.component.senti_bolt - INFO - 
 [INFO_SENTI_BOLT_TWEET] : New Profile Pic Dallas Womens March Womens March Me Too Times Uppic 0.0
2018-12-09 02:57:55,317 - pystorm.component.senti_bolt - INFO - 
 [INFO_SENTI_BOLT_TWEET] : twitter 0.0
2018-12-09 02:57:55,331 - pystorm.component.senti_bolt - INFO - 
 [INFO_SENTI_BOLT_TWEET] : com/H3QVXgWZWt 0.0
2018-12-09 02:57:56,924 - pystorm.component.senti_bolt - INFO - 
 [INFO_SENTI_BOLT_TWEET] : Hollywood Hypocrites Me Too Times Up Weinstein They All Knew Womens March Whyimarch 0.0
2018-12-09 02:57:58,530 - pystorm.component.senti_bolt - INFO - 
 [INFO_SENTI_BOLT_TWEET] : Metoo may be overdue, but its highly dangerous http://www -0.6798
2018-12-09 02:57:58,546 - pystorm.component.senti_bolt - INFO - 
 [INFO_SENTI_BOLT_TWEET] : dailytelegraph 0.0
2018-12-09 02:57:58,562 - pystorm.component.senti_bolt - INFO - 
 [INFO_SENTI_BOLT_TWEET] : com 0.0
2018-12-09 02:57:58,578 - pystorm.component.senti_bolt - INFO - 
 [INFO_SENTI_BOLT_TWEET] : au/rendezview/news-story/34fcb0849ab2c481646d8fd516c15809 0.0
2018-12-09 02:57:58,767 - pystorm.component.senti_bolt - INFO - 
 [INFO_SENTI_BOLT_TWEET] : @womensmarch @WomenatForbes @InPowerWomen @UN_Women @WomenOfInflnce @WomenintheWorld @womensfunding @womensmediacntr @SAGawards Me Too @kamarialeyla @SenKamalaHarris @SymoneDSanders @JoyAnnReid @AprilDRyan please share and stand with women Thank You all 0.7184
2018-12-09 02:58:00,378 - pystorm.component.senti_bolt - INFO - 
 [INFO_SENTI_BOLT_TWEET] : com/SyLGCvg3Fb 0.0
2018-12-09 02:58:01,398 - pystorm.component.senti_bolt - INFO - 
 [INFO_SENTI_BOLT_TWEET] : https://womensagenda 0.0
2018-12-09 02:58:01,838 - pystorm.component.senti_bolt - INFO - 
 [INFO_SENTI_BOLT_TWEET] : Lana Del Rey creates a record on the music chart 0.2732
2018-12-09 02:58:01,854 - pystorm.component.senti_bolt - INFO - 
 [INFO_SENTI_BOLT_TWEET] : Her album Born to Die spends 300 consecutive weeks on the chart -0.5994
2018-12-09 02:58:01,868 - pystorm.component.senti_bolt - INFO - 
 [INFO_SENTI_BOLT_TWEET] : Proof that you don't need the Oscars to show your talent 0.4215
2018-12-09 02:58:01,877 - pystorm.component.senti_bolt - INFO - 
 [INFO_SENTI_BOLT_TWEET] : Forget The Oscars Me Too -0.2263
2018-12-09 02:58:05,060 - pystorm.component.senti_bolt - INFO - 
 [INFO_SENTI_BOLT_TWEET] : it/QCB8Tkpic 0.0
2018-12-09 02:58:05,078 - pystorm.component.senti_bolt - INFO - 
 [INFO_SENTI_BOLT_TWEET] : twitter 0.0
2018-12-09 02:58:05,094 - pystorm.component.senti_bolt - INFO - 
 [INFO_SENTI_BOLT_TWEET] : com/G7ZueMElzW 0.0
2018-12-09 02:58:06,085 - pystorm.component.senti_bolt - INFO - 
 [INFO_SENTI_BOLT_TWEET] : Shall I break my silence? I was 19 and working in a thrift shop in Sac 0.0
2018-12-09 02:58:06,133 - pystorm.component.senti_bolt - INFO - 
 [INFO_SENTI_BOLT_TWEET] : Would stop by my register to talk about private things -0.296
2018-12-09 02:58:06,185 - pystorm.component.senti_bolt - INFO - 
 [INFO_SENTI_BOLT_TWEET] : Blames me for staring -0.4019
2018-12-09 02:58:07,426 - pystorm.component.senti_bolt - INFO - 
 [INFO_SENTI_BOLT_TWEET] : theguardian 0.0
2018-12-09 02:58:07,440 - pystorm.component.senti_bolt - INFO - 
 [INFO_SENTI_BOLT_TWEET] : com/film/2018/jan/21/the-tale-review-stunning-sexual-abuse-drama-laura-dern?CMP=share_btn_tw Worldcinema 0.0
2018-12-09 02:58:07,480 - pystorm.component.senti_bolt - INFO - 
 [INFO_SENTI_BOLT_TWEET] : Los Angeles Women's March Gathers Music and Film Stars for Me Too and Times Up Solidarity, Bid to Mobilize Votes for Change http://dlvr 0.296
2018-12-09 02:58:07,491 - pystorm.component.senti_bolt - INFO - 
 [INFO_SENTI_BOLT_TWEET] : twitter 0.0
2018-12-09 02:58:08,595 - pystorm.component.senti_bolt - INFO - 
 [INFO_SENTI_BOLT_TWEET] : Womensmarch Tennessee Timesup Metoo Resist https://www 0.0
2018-12-09 02:58:09,343 - pystorm.component.senti_bolt - INFO - 
 [INFO_SENTI_BOLT_TWEET] : Watch the Metoo mob boycott poor @alisonbrie Alisonbrie for daring to defend her brother-in-law very diplomatically -0.4404
2018-12-09 02:58:09,359 - pystorm.component.senti_bolt - INFO - 
 [INFO_SENTI_BOLT_TWEET] : I called it first 0.0
2018-12-09 02:58:10,128 - pystorm.component.senti_bolt - INFO - 
 [INFO_SENTI_BOLT_TWEET] : CNN 3:53pm SCREEN ACTORS GUILD SHOW GETS READY FOR CLOSE-UP 0.4995
2018-12-09 02:58:10,142 - pystorm.component.senti_bolt - INFO - 
 [INFO_SENTI_BOLT_TWEET] :  0.0
2018-12-09 02:58:10,153 - pystorm.component.senti_bolt - INFO - 
 [INFO_SENTI_BOLT_TWEET] :  0.0
2018-12-09 02:58:10,166 - pystorm.component.senti_bolt - INFO - 
 [INFO_SENTI_BOLT_TWEET] :  0.0
2018-12-09 02:58:10,175 - pystorm.component.senti_bolt - INFO - 
 [INFO_SENTI_BOLT_TWEET] :  0.0
2018-12-09 02:58:11,028 - pystorm.component.senti_bolt - INFO - 
 [INFO_SENTI_BOLT_TWEET] : link/2BdmuW5 by @TheTinaVasquez 0.0
2018-12-09 02:58:12,320 - pystorm.component.senti_bolt - INFO - 
 [INFO_SENTI_BOLT_TWEET] : JUST IN: @UVA responds to Me Too story shared by Board of Visitors member @FirstLadyNJ at Womens March about her sexual assault as a student in 1984 -0.34
2018-12-09 02:58:12,330 - pystorm.component.senti_bolt - INFO - 
 [INFO_SENTI_BOLT_TWEET] : pic 0.0
2018-12-09 02:58:12,523 - pystorm.component.senti_bolt - INFO - 
 [INFO_SENTI_BOLT_TWEET] : They're singing about being silent too long 0.0
2018-12-09 02:58:12,540 - pystorm.component.senti_bolt - INFO - 
 [INFO_SENTI_BOLT_TWEET] : We have 0.0
2018-12-09 02:58:12,558 - pystorm.component.senti_bolt - INFO - 
 [INFO_SENTI_BOLT_TWEET] : We are TOLD to not to CREATE a  problem -0.0254
2018-12-09 02:58:12,575 - pystorm.component.senti_bolt - INFO - 
 [INFO_SENTI_BOLT_TWEET] : Such BS 0.0
2018-12-09 02:58:12,592 - pystorm.component.senti_bolt - INFO - 
 [INFO_SENTI_BOLT_TWEET] : Me Too Womens March Norwaypic 0.0
2018-12-09 02:58:13,474 - pystorm.component.senti_bolt - INFO - 
 [INFO_SENTI_BOLT_TWEET] : That was my feeling about yesterdays March 0.128
2018-12-09 02:58:13,510 - pystorm.component.senti_bolt - INFO - 
 [INFO_SENTI_BOLT_TWEET] : C 0.0
2018-12-09 02:58:13,544 - pystorm.component.senti_bolt - INFO - 
 [INFO_SENTI_BOLT_TWEET] : ) 0.0
2018-12-09 02:58:13,568 - pystorm.component.senti_bolt - INFO - 
 [INFO_SENTI_BOLT_TWEET] : But in light of Me Too Ive been thinking: this March shoulda been a million men 0.0
2018-12-09 02:58:13,786 - pystorm.component.senti_bolt - INFO - 
 [INFO_SENTI_BOLT_TWEET] : Then theres the colleague who groped me during a dance 0.0
2018-12-09 02:58:13,828 - pystorm.component.senti_bolt - INFO - 
 [INFO_SENTI_BOLT_TWEET] : He pinched my right breast hard enough to hurt -0.5859
2018-12-09 02:58:13,862 - pystorm.component.senti_bolt - INFO - 
 [INFO_SENTI_BOLT_TWEET] : He said I should let it go 0.0
2018-12-09 02:58:14,570 - pystorm.component.senti_bolt - INFO - 
 [INFO_SENTI_BOLT_TWEET] : Metoo 0.0
2018-12-09 02:58:16,165 - pystorm.component.senti_bolt - INFO - 
 [INFO_SENTI_BOLT_TWEET] : All the allegations the actresses speak about happened way before the GOP took office in 2017 yet refer to it, how does that work?  Abuse is as old as time Metoo Power To The Polls Keepupwiththeclass Exonomicsdegree Sociologydegree Physicsdegeee -0.6369
2018-12-09 02:58:17,142 - pystorm.component.senti_bolt - INFO - 
 [INFO_SENTI_BOLT_TWEET] : The Second Annual Womens March in Pictures http://flip 0.0
2018-12-09 02:58:17,158 - pystorm.component.senti_bolt - INFO - 
 [INFO_SENTI_BOLT_TWEET] : it/DxdClL Womens March Me Too 0.0
2018-12-09 02:58:17,666 - pystorm.component.senti_bolt - INFO - 
 [INFO_SENTI_BOLT_TWEET] : If I fight and support other women Im a lost cause? Women marched in Canada also -0.296
2018-12-09 02:58:17,679 - pystorm.component.senti_bolt - INFO - 
 [INFO_SENTI_BOLT_TWEET] : So its a personal fight -0.4336
2018-12-09 02:58:17,691 - pystorm.component.senti_bolt - INFO - 
 [INFO_SENTI_BOLT_TWEET] : Nothing to do with party 0.4019
2018-12-09 02:58:19,224 - pystorm.component.senti_bolt - INFO - 
 [INFO_SENTI_BOLT_TWEET] : Wo Ye Shi is Chinas version of Me Too  WOW!!! China has come a long way for this to be happening!!!!!  https://www 0.7718
2018-12-09 02:58:20,164 - pystorm.component.senti_bolt - INFO - 
 [INFO_SENTI_BOLT_TWEET] : theguardian 0.0
2018-12-09 02:58:20,273 - pystorm.component.senti_bolt - INFO - 
 [INFO_SENTI_BOLT_TWEET] : com/uk-news/gallery/2018/jan/21/best-signs-from-womens-march-london-pictures-donald-trump?CMP=Share_iOSApp_Other 0.0
2018-12-09 02:58:22,438 - pystorm.component.senti_bolt - INFO - 
 [INFO_SENTI_BOLT_TWEET] : Estoy de acuerdo en que las mujeres exijamos derechos y pidamos igualdad pero que no se nos olvide que muchas veces son las mismas mujeres nuestras peores enemigas -0.296
2018-12-09 02:58:22,815 - pystorm.component.senti_bolt - INFO - 
 [INFO_SENTI_BOLT_TWEET] : New Profile Pic Dallas Womens March Womens March Me Too Times Uppic 0.0
2018-12-09 02:58:22,851 - pystorm.component.senti_bolt - INFO - 
 [INFO_SENTI_BOLT_TWEET] : twitter 0.0
2018-12-09 02:58:22,888 - pystorm.component.senti_bolt - INFO - 
 [INFO_SENTI_BOLT_TWEET] : com/H3QVXgWZWt 0.0
2018-12-09 02:58:24,703 - pystorm.component.senti_bolt - INFO - 
 [INFO_SENTI_BOLT_TWEET] : Tired of seeing the Patriots in the Super Bowl? Me Too 0.25
2018-12-09 02:58:26,285 - pystorm.component.senti_bolt - INFO - 
 [INFO_SENTI_BOLT_TWEET] : com/2018/01/08/natalie-portman-shows-us-what-hollywood-hypocrisy-looks-like/ 0.0
2018-12-09 02:58:26,378 - pystorm.component.senti_bolt - INFO - 
 [INFO_SENTI_BOLT_TWEET] : Metoo may be overdue, but its highly dangerous http://www -0.6798
2018-12-09 02:58:26,422 - pystorm.component.senti_bolt - INFO - 
 [INFO_SENTI_BOLT_TWEET] : dailytelegraph 0.0
2018-12-09 02:58:26,465 - pystorm.component.senti_bolt - INFO - 
 [INFO_SENTI_BOLT_TWEET] : com 0.0
2018-12-09 02:58:26,509 - pystorm.component.senti_bolt - INFO - 
 [INFO_SENTI_BOLT_TWEET] : au/rendezview/news-story/34fcb0849ab2c481646d8fd516c15809 0.0
2018-12-09 02:58:28,627 - pystorm.component.senti_bolt - INFO - 
 [INFO_SENTI_BOLT_TWEET] : Metoo 0.0
2018-12-09 02:58:31,309 - pystorm.component.senti_bolt - INFO - 
 [INFO_SENTI_BOLT_TWEET] : The Me Too movement makes males the guardians of female well-being in the name of feminist empowerment, writes @HMDatMI 0.0
2018-12-09 02:58:31,495 - pystorm.component.senti_bolt - INFO - 
 [INFO_SENTI_BOLT_TWEET] : http://bit 0.0
2018-12-09 02:58:31,702 - pystorm.component.senti_bolt - INFO - 
 [INFO_SENTI_BOLT_TWEET] : ly/2D6srVx 0.0
2018-12-09 02:58:34,120 - pystorm.component.senti_bolt - INFO - 
 [INFO_SENTI_BOLT_TWEET] : Germaine Greer's comments about Weinstein's victims? Rubbish -0.3182
2018-12-09 02:58:34,175 - pystorm.component.senti_bolt - INFO - 
 [INFO_SENTI_BOLT_TWEET] : com 0.0
2018-12-09 02:58:34,230 - pystorm.component.senti_bolt - INFO - 
 [INFO_SENTI_BOLT_TWEET] : au/latest/eds-blog/late-stop-whingeing-no-thanks-germaine/ Me Too 0.0
2018-12-09 02:58:35,680 - pystorm.component.senti_bolt - INFO - 
 [INFO_SENTI_BOLT_TWEET] : Im so glad she addressed it cause I absolutely agree with her that no one should be quick to judge until you know all the factors of the subject 0.5975
2018-12-09 02:58:36,175 - pystorm.component.senti_bolt - INFO - 
 [INFO_SENTI_BOLT_TWEET] : Metoo 0.0
2018-12-09 02:58:38,321 - pystorm.component.senti_bolt - INFO - 
 [INFO_SENTI_BOLT_TWEET] : com/em_ily1122/status/955214364025344001 0.0
2018-12-09 02:58:38,691 - pystorm.component.senti_bolt - INFO - 
 [INFO_SENTI_BOLT_TWEET] : Oy Vey 0.0
2018-12-09 02:58:38,745 - pystorm.component.senti_bolt - INFO - 
 [INFO_SENTI_BOLT_TWEET] : Poor girl -0.4767
2018-12-09 02:58:38,800 - pystorm.component.senti_bolt - INFO - 
 [INFO_SENTI_BOLT_TWEET] : You are about to get hit with it from the Witch Hunt brigade -0.3612
2018-12-09 02:58:38,849 - pystorm.component.senti_bolt - INFO - 
 [INFO_SENTI_BOLT_TWEET] : Awards 0.4588
2018-12-09 02:58:40,971 - pystorm.component.senti_bolt - INFO - 
 [INFO_SENTI_BOLT_TWEET] : JUST IN: @UVA responds to Me Too story shared by Board of Visitors member @FirstLadyNJ at Womens March about her sexual assault as a student in 1984 -0.34
2018-12-09 02:58:41,141 - pystorm.component.senti_bolt - INFO - 
 [INFO_SENTI_BOLT_TWEET] : pic 0.0
2018-12-09 02:58:43,317 - pystorm.component.senti_bolt - INFO - 
 [INFO_SENTI_BOLT_TWEET] : Then theres the colleague who groped me during a dance 0.0
2018-12-09 02:58:43,376 - pystorm.component.senti_bolt - INFO - 
 [INFO_SENTI_BOLT_TWEET] : He pinched my right breast hard enough to hurt -0.5859
2018-12-09 02:58:43,432 - pystorm.component.senti_bolt - INFO - 
 [INFO_SENTI_BOLT_TWEET] : He said I should let it go 0.0
2018-12-09 02:58:45,985 - pystorm.component.senti_bolt - INFO - 
 [INFO_SENTI_BOLT_TWEET] : com/SyLGCvg3Fb 0.0
2018-12-09 02:58:48,353 - pystorm.component.senti_bolt - INFO - 
 [INFO_SENTI_BOLT_TWEET] : Lana Del Rey creates a record on the music chart 0.2732
2018-12-09 02:58:48,421 - pystorm.component.senti_bolt - INFO - 
 [INFO_SENTI_BOLT_TWEET] : Her album Born to Die spends 300 consecutive weeks on the chart -0.5994
2018-12-09 02:58:48,470 - pystorm.component.senti_bolt - INFO - 
 [INFO_SENTI_BOLT_TWEET] : Proof that you don't need the Oscars to show your talent 0.4215
2018-12-09 02:58:48,524 - pystorm.component.senti_bolt - INFO - 
 [INFO_SENTI_BOLT_TWEET] : Forget The Oscars Me Too -0.2263
2018-12-09 02:58:50,128 - pystorm.component.senti_bolt - INFO - 
 [INFO_SENTI_BOLT_TWEET] : Hollywood Hypocrites Me Too Times Up Weinstein They All Knew Womens March Whyimarch 0.0
2018-12-09 02:58:53,277 - pystorm.component.senti_bolt - INFO - 
 [INFO_SENTI_BOLT_TWEET] : @womensmarch @WomenatForbes @InPowerWomen @UN_Women @WomenOfInflnce @WomenintheWorld @womensfunding @womensmediacntr @SAGawards Me Too @kamarialeyla @SenKamalaHarris @SymoneDSanders @JoyAnnReid @AprilDRyan please share and stand with women Thank You all 0.7184
2018-12-09 02:58:55,434 - pystorm.component.senti_bolt - INFO - 
 [INFO_SENTI_BOLT_TWEET] : Ruth Bader Ginsburg on Me Too 'It's about time' - The Hill (blog) http://dlvr 0.0
2018-12-09 02:58:56,885 - pystorm.component.senti_bolt - INFO - 
 [INFO_SENTI_BOLT_TWEET] : Ruth Bader Ginsburg on Me Too 'It's about time' - The Hill (blog) http://dlvr 0.0
2018-12-09 02:58:56,974 - pystorm.component.senti_bolt - INFO - 
 [INFO_SENTI_BOLT_TWEET] : it/QCB8NP 0.0
2018-12-09 02:58:58,410 - pystorm.component.senti_bolt - INFO - 
 [INFO_SENTI_BOLT_TWEET] : The Tale review  stunning sexual abuse drama is the mother of all Me Too movies https://www -0.3818
2018-12-09 02:59:04,175 - pystorm.component.senti_bolt - INFO - 
 [INFO_SENTI_BOLT_TWEET] : The Second Annual Womens March in Pictures http://flip 0.0
2018-12-09 02:59:04,228 - pystorm.component.senti_bolt - INFO - 
 [INFO_SENTI_BOLT_TWEET] : it/DxdClL Womens March Me Too 0.0
