2018-12-09 02:57:54,260 - pystorm.component.senti_bolt - INFO - 
 [INFO_SENTI_BOLT_TWEET] : The best signs from the Womens March in London  in pictures Metoo #TimesUphttps://www 0.6369
2018-12-09 02:57:56,028 - pystorm.component.senti_bolt - INFO - 
 [INFO_SENTI_BOLT_TWEET] : Everyday i am harassed by old women Metoo -0.5423
2018-12-09 02:57:56,930 - pystorm.component.senti_bolt - INFO - 
 [INFO_SENTI_BOLT_TWEET] : I want to deflect from rape and sexual assault scandal in Hollywood -0.9022
2018-12-09 02:57:59,610 - pystorm.component.senti_bolt - INFO - 
 [INFO_SENTI_BOLT_TWEET] : Ruth Bader Ginsburg on Me Too 'It's about time' - The Hill (blog) http://dlvr 0.0
2018-12-09 02:57:59,625 - pystorm.component.senti_bolt - INFO - 
 [INFO_SENTI_BOLT_TWEET] : it/QCB8NP 0.0
2018-12-09 02:58:00,378 - pystorm.component.senti_bolt - INFO - 
 [INFO_SENTI_BOLT_TWEET] : The symbolism was moving 0.0
2018-12-09 02:58:00,393 - pystorm.component.senti_bolt - INFO - 
 [INFO_SENTI_BOLT_TWEET] : These two bald eagles showed up over the March For Life in DC 0.0
2018-12-09 02:58:00,403 - pystorm.component.senti_bolt - INFO - 
 [INFO_SENTI_BOLT_TWEET] : They were dancing with the -shaped balloons that had been released 0.0
2018-12-09 02:58:00,413 - pystorm.component.senti_bolt - INFO - 
 [INFO_SENTI_BOLT_TWEET] : The theme of the march, which had nearly 3/4 million attendees, was Love Saves Lives Why We March Me Too Why March Lifepic 0.6369
2018-12-09 02:58:00,425 - pystorm.component.senti_bolt - INFO - 
 [INFO_SENTI_BOLT_TWEET] : twitter 0.0
2018-12-09 02:58:01,400 - pystorm.component.senti_bolt - INFO - 
 [INFO_SENTI_BOLT_TWEET] : Germaine Greer's comments about Weinstein's victims? Rubbish -0.3182
2018-12-09 02:58:01,416 - pystorm.component.senti_bolt - INFO - 
 [INFO_SENTI_BOLT_TWEET] : com 0.0
2018-12-09 02:58:01,432 - pystorm.component.senti_bolt - INFO - 
 [INFO_SENTI_BOLT_TWEET] : au/latest/eds-blog/late-stop-whingeing-no-thanks-germaine/ Me Too 0.0
2018-12-09 02:58:02,958 - pystorm.component.senti_bolt - INFO - 
 [INFO_SENTI_BOLT_TWEET] : Metoo 0.0
2018-12-09 02:58:03,648 - pystorm.component.senti_bolt - INFO - 
 [INFO_SENTI_BOLT_TWEET] : Metoo 0.0
2018-12-09 02:58:04,547 - pystorm.component.senti_bolt - INFO - 
 [INFO_SENTI_BOLT_TWEET] : Metoo https://twitter 0.0
2018-12-09 02:58:04,562 - pystorm.component.senti_bolt - INFO - 
 [INFO_SENTI_BOLT_TWEET] : com/kielersprotte92/status/955222665589125121 0.0
2018-12-09 02:58:05,059 - pystorm.component.senti_bolt - INFO - 
 [INFO_SENTI_BOLT_TWEET] : Ruth Bader Ginsburg on Me Too 'It's about time' - The Hill (blog) http://dlvr 0.0
2018-12-09 02:58:06,086 - pystorm.component.senti_bolt - INFO - 
 [INFO_SENTI_BOLT_TWEET] : My boss was a real creep 0.0
2018-12-09 02:58:06,155 - pystorm.component.senti_bolt - INFO - 
 [INFO_SENTI_BOLT_TWEET] : One day he shows up with an erection 0.0
2018-12-09 02:58:06,189 - pystorm.component.senti_bolt - INFO - 
 [INFO_SENTI_BOLT_TWEET] : Stands there talking as if nothing is unusual 0.0
2018-12-09 02:58:06,228 - pystorm.component.senti_bolt - INFO - 
 [INFO_SENTI_BOLT_TWEET] : Me Too 0.0
2018-12-09 02:58:06,629 - pystorm.component.senti_bolt - INFO - 
 [INFO_SENTI_BOLT_TWEET] : The Me Too movement makes males the guardians of female well-being in the name of feminist empowerment, writes @HMDatMI 0.0
2018-12-09 02:58:06,639 - pystorm.component.senti_bolt - INFO - 
 [INFO_SENTI_BOLT_TWEET] : http://bit 0.0
2018-12-09 02:58:06,649 - pystorm.component.senti_bolt - INFO - 
 [INFO_SENTI_BOLT_TWEET] : ly/2D6srVx 0.0
2018-12-09 02:58:07,431 - pystorm.component.senti_bolt - INFO - 
 [INFO_SENTI_BOLT_TWEET] : The Tale review  stunning sexual abuse drama is the mother of all Me Too movies https://www -0.3818
2018-12-09 02:58:07,478 - pystorm.component.senti_bolt - INFO - 
 [INFO_SENTI_BOLT_TWEET] : it/QCB8BLpic 0.0
2018-12-09 02:58:07,496 - pystorm.component.senti_bolt - INFO - 
 [INFO_SENTI_BOLT_TWEET] : com/w7pDtEVn3Z 0.0
2018-12-09 02:58:08,595 - pystorm.component.senti_bolt - INFO - 
 [INFO_SENTI_BOLT_TWEET] : instagram 0.0
2018-12-09 02:58:08,606 - pystorm.component.senti_bolt - INFO - 
 [INFO_SENTI_BOLT_TWEET] : com/p/BeOxCNoFWar/ 0.0
2018-12-09 02:58:09,342 - pystorm.component.senti_bolt - INFO - 
 [INFO_SENTI_BOLT_TWEET] : Oy Vey 0.0
2018-12-09 02:58:09,353 - pystorm.component.senti_bolt - INFO - 
 [INFO_SENTI_BOLT_TWEET] : Poor girl -0.4767
2018-12-09 02:58:09,367 - pystorm.component.senti_bolt - INFO - 
 [INFO_SENTI_BOLT_TWEET] : You are about to get hit with it from the Witch Hunt brigade -0.3612
2018-12-09 02:58:09,382 - pystorm.component.senti_bolt - INFO - 
 [INFO_SENTI_BOLT_TWEET] : Awards 0.4588
2018-12-09 02:58:10,131 - pystorm.component.senti_bolt - INFO - 
 [INFO_SENTI_BOLT_TWEET] : Stephanie Elam OW Correspondent
SCREEN ACTORS GUILD SHOW GETS 0.0
2018-12-09 02:58:11,024 - pystorm.component.senti_bolt - INFO - 
 [INFO_SENTI_BOLT_TWEET] : Even as the Me Too movement shines a light on sexual abuse by public figures, state-sanctioned abuse is happening in broad daylight at US immigrant detention centers http://rewire -0.8979
2018-12-09 02:58:12,316 - pystorm.component.senti_bolt - INFO - 
 [INFO_SENTI_BOLT_TWEET] : commends her bravery in sharing the harrowing details of her attack 0.4404
2018-12-09 02:58:12,327 - pystorm.component.senti_bolt - INFO - 
 [INFO_SENTI_BOLT_TWEET] : twitter 0.0
2018-12-09 02:58:12,343 - pystorm.component.senti_bolt - INFO - 
 [INFO_SENTI_BOLT_TWEET] : com/7pFspvWoB3 0.0
2018-12-09 02:58:12,521 - pystorm.component.senti_bolt - INFO - 
 [INFO_SENTI_BOLT_TWEET] : It was too cold to live tweet but I did manage some pictures of people & signs 0.0
2018-12-09 02:58:12,543 - pystorm.component.senti_bolt - INFO - 
 [INFO_SENTI_BOLT_TWEET] : It started with a song after an intro 0.0
2018-12-09 02:58:12,558 - pystorm.component.senti_bolt - INFO - 
 [INFO_SENTI_BOLT_TWEET] : Nice girls dont cause trouble 0.6197
2018-12-09 02:58:12,572 - pystorm.component.senti_bolt - INFO - 
 [INFO_SENTI_BOLT_TWEET] : twitter 0.0
2018-12-09 02:58:12,587 - pystorm.component.senti_bolt - INFO - 
 [INFO_SENTI_BOLT_TWEET] : com/1FKf8bOIDm 0.0
2018-12-09 02:58:13,440 - pystorm.component.senti_bolt - INFO - 
 [INFO_SENTI_BOLT_TWEET] : All for it, GO fellow women (and I went to last years in D 0.0
2018-12-09 02:58:13,472 - pystorm.component.senti_bolt - INFO - 
 [INFO_SENTI_BOLT_TWEET] :  0.0
2018-12-09 02:58:13,799 - pystorm.component.senti_bolt - INFO - 
 [INFO_SENTI_BOLT_TWEET] : I told another male colleague about it 0.0
2018-12-09 02:58:13,832 - pystorm.component.senti_bolt - INFO - 
 [INFO_SENTI_BOLT_TWEET] : Said his hand had probably just slipped 0.4939
2018-12-09 02:58:13,865 - pystorm.component.senti_bolt - INFO - 
 [INFO_SENTI_BOLT_TWEET] : How does a hand slip upwards- twice? Metoo 0.4939
2018-12-09 02:58:14,565 - pystorm.component.senti_bolt - INFO - 
 [INFO_SENTI_BOLT_TWEET] : Da Fredrik Eide Nilsen @fenilsen sendte bilde av sin penis til en 16 r gammel jente, som ikke nsket eller ba om det  er det seksuell trakassering -0.5574
2018-12-09 02:58:14,575 - pystorm.component.senti_bolt - INFO - 
 [INFO_SENTI_BOLT_TWEET] : Regner med Fredrik E Nilsen fr tlf fra

@martineaurdal @hegeulstein @VGanders 

Billedbevis finnes, kilden publisert sak 0.0
2018-12-09 02:58:15,362 - pystorm.component.senti_bolt - INFO - 
 [INFO_SENTI_BOLT_TWEET] : Mi vida es tan confusa con mujeres brillantes que he conocido que se apartan del feminismo y prefieren no reconocerse como tal, ahora eso que dices y luego lo de Me Too entr en una crisis existencial -0.743
2018-12-09 02:58:15,378 - pystorm.component.senti_bolt - INFO - 
 [INFO_SENTI_BOLT_TWEET] :  0.0
2018-12-09 02:58:17,670 - pystorm.component.senti_bolt - INFO - 
 [INFO_SENTI_BOLT_TWEET] : I support it 100%,Im a Me Too 0.4019
2018-12-09 02:58:19,262 - pystorm.component.senti_bolt - INFO - 
 [INFO_SENTI_BOLT_TWEET] : economist 0.0
2018-12-09 02:58:19,335 - pystorm.component.senti_bolt - INFO - 
 [INFO_SENTI_BOLT_TWEET] : com/news/china/21735078-communist-party-nervous-metoo-movement-arrives-peoples-republic 0.0
2018-12-09 02:58:20,169 - pystorm.component.senti_bolt - INFO - 
 [INFO_SENTI_BOLT_TWEET] : The best signs from the Womens March in London  in pictures Metoo #TimesUphttps://www 0.6369
2018-12-09 02:58:22,439 - pystorm.component.senti_bolt - INFO - 
 [INFO_SENTI_BOLT_TWEET] : Amigas, dejemos la envidia, si no comenzamos por nosotras cmo podremos exigir algo de los dems? Metoo Times Up -0.296
2018-12-09 02:58:26,293 - pystorm.component.senti_bolt - INFO - 
 [INFO_SENTI_BOLT_TWEET] : Perfect example of Hollywood Hypocrisy Natalie Portman supported Roman Polanski before it wasn't cool anymore 0.6172
2018-12-09 02:58:26,389 - pystorm.component.senti_bolt - INFO - 
 [INFO_SENTI_BOLT_TWEET] : These Metoo actresses are pathetic 

https://www -0.5719
2018-12-09 02:58:26,439 - pystorm.component.senti_bolt - INFO - 
 [INFO_SENTI_BOLT_TWEET] : chicksonright 0.0
2018-12-09 02:58:28,412 - pystorm.component.senti_bolt - INFO - 
 [INFO_SENTI_BOLT_TWEET] : Metoo Where is muy check equality paycheck  Must be kids on the Black channels  https://www 0.0
2018-12-09 02:58:28,453 - pystorm.component.senti_bolt - INFO - 
 [INFO_SENTI_BOLT_TWEET] : instagram 0.0
2018-12-09 02:58:28,489 - pystorm.component.senti_bolt - INFO - 
 [INFO_SENTI_BOLT_TWEET] : com/p/BeOw1KSnpXl/ 0.0
2018-12-09 02:58:31,155 - pystorm.component.senti_bolt - INFO - 
 [INFO_SENTI_BOLT_TWEET] : En ese caso Me Too 0.0
2018-12-09 02:58:34,121 - pystorm.component.senti_bolt - INFO - 
 [INFO_SENTI_BOLT_TWEET] : https://womensagenda 0.0
2018-12-09 02:58:35,677 - pystorm.component.senti_bolt - INFO - 
 [INFO_SENTI_BOLT_TWEET] : I support the Me Too movement and James Franco , thanks to Allison! 0.7088
2018-12-09 02:58:38,312 - pystorm.component.senti_bolt - INFO - 
 [INFO_SENTI_BOLT_TWEET] : This is where Metoo should go 0.0
2018-12-09 02:58:38,351 - pystorm.component.senti_bolt - INFO - 
 [INFO_SENTI_BOLT_TWEET] : https://twitter 0.0
2018-12-09 02:58:38,688 - pystorm.component.senti_bolt - INFO - 
 [INFO_SENTI_BOLT_TWEET] : Watch the Metoo mob boycott poor @alisonbrie Alisonbrie for daring to defend her brother-in-law very diplomatically -0.4404
2018-12-09 02:58:38,736 - pystorm.component.senti_bolt - INFO - 
 [INFO_SENTI_BOLT_TWEET] : I called it first 0.0
2018-12-09 02:58:40,722 - pystorm.component.senti_bolt - INFO - 
 [INFO_SENTI_BOLT_TWEET] : The latest e OluwKka Daily! https://paper 0.0
2018-12-09 02:58:40,873 - pystorm.component.senti_bolt - INFO - 
 [INFO_SENTI_BOLT_TWEET] : li/Psermuel/1374782089?edition_id=6a35b200-ff06-11e7-80a0-002590a5ba2d Metoo 0.0
2018-12-09 02:58:41,032 - pystorm.component.senti_bolt - INFO - 
 [INFO_SENTI_BOLT_TWEET] : commends her bravery in sharing the harrowing details of her attack 0.4404
2018-12-09 02:58:41,179 - pystorm.component.senti_bolt - INFO - 
 [INFO_SENTI_BOLT_TWEET] : twitter 0.0
2018-12-09 02:58:41,259 - pystorm.component.senti_bolt - INFO - 
 [INFO_SENTI_BOLT_TWEET] : com/7pFspvWoB3 0.0
2018-12-09 02:58:43,328 - pystorm.component.senti_bolt - INFO - 
 [INFO_SENTI_BOLT_TWEET] : I told another male colleague about it 0.0
2018-12-09 02:58:43,398 - pystorm.component.senti_bolt - INFO - 
 [INFO_SENTI_BOLT_TWEET] : Said his hand had probably just slipped 0.4939
2018-12-09 02:58:43,449 - pystorm.component.senti_bolt - INFO - 
 [INFO_SENTI_BOLT_TWEET] : How does a hand slip upwards- twice? Metoo 0.4939
2018-12-09 02:58:43,577 - pystorm.component.senti_bolt - INFO - 
 [INFO_SENTI_BOLT_TWEET] : Everyday i am harassed by old women Metoo -0.5423
2018-12-09 02:58:45,991 - pystorm.component.senti_bolt - INFO - 
 [INFO_SENTI_BOLT_TWEET] : The symbolism was moving 0.0
2018-12-09 02:58:46,030 - pystorm.component.senti_bolt - INFO - 
 [INFO_SENTI_BOLT_TWEET] : These two bald eagles showed up over the March For Life in DC 0.0
2018-12-09 02:58:46,067 - pystorm.component.senti_bolt - INFO - 
 [INFO_SENTI_BOLT_TWEET] : They were dancing with the -shaped balloons that had been released 0.0
2018-12-09 02:58:46,105 - pystorm.component.senti_bolt - INFO - 
 [INFO_SENTI_BOLT_TWEET] : The theme of the march, which had nearly 3/4 million attendees, was Love Saves Lives Why We March Me Too Why March Lifepic 0.6369
2018-12-09 02:58:46,139 - pystorm.component.senti_bolt - INFO - 
 [INFO_SENTI_BOLT_TWEET] : twitter 0.0
2018-12-09 02:58:50,138 - pystorm.component.senti_bolt - INFO - 
 [INFO_SENTI_BOLT_TWEET] : I want to deflect from rape and sexual assault scandal in Hollywood -0.9022
2018-12-09 02:58:55,433 - pystorm.component.senti_bolt - INFO - 
 [INFO_SENTI_BOLT_TWEET] : it/QCB8Tkpic 0.0
2018-12-09 02:58:55,488 - pystorm.component.senti_bolt - INFO - 
 [INFO_SENTI_BOLT_TWEET] : twitter 0.0
2018-12-09 02:58:55,543 - pystorm.component.senti_bolt - INFO - 
 [INFO_SENTI_BOLT_TWEET] : com/G7ZueMElzW 0.0
2018-12-09 02:58:58,428 - pystorm.component.senti_bolt - INFO - 
 [INFO_SENTI_BOLT_TWEET] : theguardian 0.0
2018-12-09 02:58:58,482 - pystorm.component.senti_bolt - INFO - 
 [INFO_SENTI_BOLT_TWEET] : com/film/2018/jan/21/the-tale-review-stunning-sexual-abuse-drama-laura-dern?CMP=share_btn_tw Worldcinema 0.0
2018-12-09 02:59:01,538 - pystorm.component.senti_bolt - INFO - 
 [INFO_SENTI_BOLT_TWEET] : Mi vida es tan confusa con mujeres brillantes que he conocido que se apartan del feminismo y prefieren no reconocerse como tal, ahora eso que dices y luego lo de Me Too entr en una crisis existencial -0.743
2018-12-09 02:59:01,624 - pystorm.component.senti_bolt - INFO - 
 [INFO_SENTI_BOLT_TWEET] :  0.0
